<?xml version="1.0" encoding="UTF-8"?>
<!-- Generated by org.testng.reporters.JUnitXMLReporter -->
<testsuite hostname="LAPTOP-BTR2EQGH" name="Default test" tests="4" failures="0" timestamp="9 Dec 2018 19:17:29 GMT" time="2.56" errors="0">
  <testcase name="testGETwith404" time="1.219" classname="com.apex.service.customer.test.CustomerServiceTest_GET_NG"/>
  <testcase name="testGETwithBlankData" time="0.398" classname="com.apex.service.customer.test.CustomerServiceTest_GET_NG"/>
  <testcase name="testGETwithNonNumeric" time="0.409" classname="com.apex.service.customer.test.CustomerServiceTest_GET_NG"/>
  <testcase name="testGETwithSuccessData" time="0.476" classname="com.apex.service.customer.test.CustomerServiceTest_GET_NG"/>
</testsuite> <!-- Default test -->
