<?xml version="1.0" encoding="UTF-8"?>
<testng-results skipped="0" failed="0" total="0" passed="0">
  <reporter-output>
  </reporter-output>
  <suite name="com.apex.service.customer.test.CustomerServiceTest" duration-ms="1" started-at="2018-11-28T03:08:59Z" finished-at="2018-11-28T03:08:59Z">
    <groups>
    </groups>
    <test name="Command line test" duration-ms="1" started-at="2018-11-28T03:08:59Z" finished-at="2018-11-28T03:08:59Z">
    </test> <!-- Command line test -->
  </suite> <!-- com.apex.service.customer.test.CustomerServiceTest -->
</testng-results>
