<?xml version="1.0" encoding="UTF-8"?>
<testng-results skipped="0" failed="0" total="4" passed="4">
  <reporter-output>
  </reporter-output>
  <suite name="Default suite" duration-ms="2560" started-at="2018-12-09T19:17:26Z" finished-at="2018-12-09T19:17:29Z">
    <groups>
    </groups>
    <test name="Default test" duration-ms="2560" started-at="2018-12-09T19:17:26Z" finished-at="2018-12-09T19:17:29Z">
      <class name="com.apex.service.customer.test.CustomerServiceTest_GET_NG">
        <test-method status="PASS" signature="testGETwith404()[pri:0, instance:com.apex.service.customer.test.CustomerServiceTest_GET_NG@2344fc66]" name="testGETwith404" duration-ms="1219" started-at="2018-12-09T11:17:26Z" finished-at="2018-12-09T11:17:28Z">
          <reporter-output>
          </reporter-output>
        </test-method> <!-- testGETwith404 -->
        <test-method status="PASS" signature="testGETwithBlankData()[pri:0, instance:com.apex.service.customer.test.CustomerServiceTest_GET_NG@2344fc66]" name="testGETwithBlankData" duration-ms="398" started-at="2018-12-09T11:17:28Z" finished-at="2018-12-09T11:17:28Z">
          <reporter-output>
          </reporter-output>
        </test-method> <!-- testGETwithBlankData -->
        <test-method status="PASS" signature="testGETwithNonNumeric()[pri:0, instance:com.apex.service.customer.test.CustomerServiceTest_GET_NG@2344fc66]" name="testGETwithNonNumeric" duration-ms="409" started-at="2018-12-09T11:17:28Z" finished-at="2018-12-09T11:17:28Z">
          <reporter-output>
          </reporter-output>
        </test-method> <!-- testGETwithNonNumeric -->
        <test-method status="PASS" signature="testGETwithSuccessData()[pri:0, instance:com.apex.service.customer.test.CustomerServiceTest_GET_NG@2344fc66]" name="testGETwithSuccessData" duration-ms="476" started-at="2018-12-09T11:17:28Z" finished-at="2018-12-09T11:17:29Z">
          <reporter-output>
          </reporter-output>
        </test-method> <!-- testGETwithSuccessData -->
      </class> <!-- com.apex.service.customer.test.CustomerServiceTest_GET_NG -->
    </test> <!-- Default test -->
  </suite> <!-- Default suite -->
</testng-results>
